

Started GET "/assets/rails.png" for 127.0.0.1 at 2012-08-21 14:53:32 +0900
Connecting to database specified by database.yml
Served asset /rails.png - 200 OK (21ms)
Connecting to database specified by database.yml
Connecting to database specified by database.yml
  [1m[36m (0.2ms)[0m  [1mselect sqlite_version(*)[0m
  [1m[35m (2.2ms)[0m  CREATE TABLE "schema_migrations" ("version" varchar(255) NOT NULL) 
  [1m[36m (0.0ms)[0m  [1mPRAGMA index_list("schema_migrations")[0m
  [1m[35m (1.1ms)[0m  CREATE UNIQUE INDEX "unique_schema_migrations" ON "schema_migrations" ("version")
  [1m[36m (0.1ms)[0m  [1mSELECT "schema_migrations"."version" FROM "schema_migrations" [0m
Migrating to CreateArticles (20120821055520)
  [1m[35m (0.0ms)[0m  begin transaction
  [1m[36m (0.4ms)[0m  [1mCREATE TABLE "articles" ("id" INTEGER PRIMARY KEY AUTOINCREMENT NOT NULL, "title" varchar(255), "body" text, "created_at" datetime NOT NULL, "updated_at" datetime NOT NULL) [0m
  [1m[35m (0.1ms)[0m  INSERT INTO "schema_migrations" ("version") VALUES ('20120821055520')
  [1m[36m (0.9ms)[0m  [1mcommit transaction[0m
  [1m[35m (0.2ms)[0m  select sqlite_version(*)
  [1m[36m (0.1ms)[0m  [1mSELECT "schema_migrations"."version" FROM "schema_migrations" [0m
  [1m[35m (0.0ms)[0m  PRAGMA index_list("articles")


Started GET "/" for 127.0.0.1 at 2012-08-21 14:58:56 +0900
Connecting to database specified by database.yml
Processing by ArticlesController#show as HTML
Completed 500 Internal Server Error in 21ms

ActiveRecord::RecordNotFound (Couldn't find Article without an ID):
  app/controllers/articles_controller.rb:16:in `show'


  Rendered /Users/sgotou/.rvm/gems/ruby-1.9.3-p194/gems/actionpack-3.2.8/lib/action_dispatch/middleware/templates/rescues/_trace.erb (1.2ms)
  Rendered /Users/sgotou/.rvm/gems/ruby-1.9.3-p194/gems/actionpack-3.2.8/lib/action_dispatch/middleware/templates/rescues/_request_and_response.erb (0.9ms)
  Rendered /Users/sgotou/.rvm/gems/ruby-1.9.3-p194/gems/actionpack-3.2.8/lib/action_dispatch/middleware/templates/rescues/diagnostics.erb within rescues/layout (12.6ms)


Started GET "/" for 127.0.0.1 at 2012-08-21 14:59:23 +0900
Connecting to database specified by database.yml
Processing by ArticlesController#index as HTML
  [1m[36mArticle Load (0.1ms)[0m  [1mSELECT "articles".* FROM "articles" [0m
  Rendered articles/index.html.erb within layouts/application (2.4ms)
Compiled articles.css  (5ms)  (pid 78733)
Compiled scaffolds.css  (11ms)  (pid 78733)
Compiled application.css  (33ms)  (pid 78733)
Compiled jquery.js  (4ms)  (pid 78733)
Compiled jquery_ujs.js  (0ms)  (pid 78733)
Compiled articles.js  (231ms)  (pid 78733)
Compiled application.js  (269ms)  (pid 78733)
Completed 200 OK in 436ms (Views: 418.9ms | ActiveRecord: 1.7ms)


Started GET "/assets/application.css?body=1" for 127.0.0.1 at 2012-08-21 14:59:23 +0900
Served asset /application.css - 200 OK (5ms)


Started GET "/assets/articles.css?body=1" for 127.0.0.1 at 2012-08-21 14:59:23 +0900
Served asset /articles.css - 200 OK (3ms)


Started GET "/assets/scaffolds.css?body=1" for 127.0.0.1 at 2012-08-21 14:59:23 +0900
Served asset /scaffolds.css - 200 OK (1ms)


Started GET "/assets/jquery.js?body=1" for 127.0.0.1 at 2012-08-21 14:59:23 +0900
Served asset /jquery.js - 200 OK (5ms)


Started GET "/assets/articles.js?body=1" for 127.0.0.1 at 2012-08-21 14:59:23 +0900
Served asset /articles.js - 200 OK (1ms)


Started GET "/assets/jquery_ujs.js?body=1" for 127.0.0.1 at 2012-08-21 14:59:23 +0900
Served asset /jquery_ujs.js - 200 OK (3ms)


Started GET "/assets/application.js?body=1" for 127.0.0.1 at 2012-08-21 14:59:23 +0900
Served asset /application.js - 200 OK (8ms)


Started GET "/" for 127.0.0.1 at 2012-08-21 15:04:06 +0900
Connecting to database specified by database.yml
Processing by ArticlesController#index as HTML
  [1m[36mArticle Load (0.1ms)[0m  [1mSELECT "articles".* FROM "articles" [0m
  Rendered articles/index.html.erb within layouts/application (2.2ms)
Completed 200 OK in 61ms (Views: 44.8ms | ActiveRecord: 1.7ms)


Started GET "/assets/articles.css?body=1" for 127.0.0.1 at 2012-08-21 15:04:06 +0900
Served asset /articles.css - 200 OK (2ms)


Started GET "/assets/application.css?body=1" for 127.0.0.1 at 2012-08-21 15:04:06 +0900
Served asset /application.css - 200 OK (5ms)


Started GET "/assets/jquery.js?body=1" for 127.0.0.1 at 2012-08-21 15:04:06 +0900
Served asset /jquery.js - 200 OK (2ms)


Started GET "/assets/articles.js?body=1" for 127.0.0.1 at 2012-08-21 15:04:06 +0900
Served asset /articles.js - 200 OK (1ms)


Started GET "/assets/scaffolds.css?body=1" for 127.0.0.1 at 2012-08-21 15:04:08 +0900
Connecting to database specified by database.yml
Served asset /scaffolds.css - 200 OK (2ms)


Started GET "/assets/jquery_ujs.js?body=1" for 127.0.0.1 at 2012-08-21 15:04:08 +0900
Served asset /jquery_ujs.js - 200 OK (3ms)


Started GET "/assets/application.js?body=1" for 127.0.0.1 at 2012-08-21 15:04:08 +0900
Served asset /application.js - 200 OK (7ms)


Started GET "/" for 127.0.0.1 at 2012-08-21 15:13:30 +0900
Processing by ArticlesController#index as HTML
  [1m[35mArticle Load (0.2ms)[0m  SELECT "articles".* FROM "articles" 
  Rendered articles/index.html.erb within layouts/application (0.3ms)
Completed 500 Internal Server Error in 20ms

ActionView::Template::Error (cannot load such file -- less
  (in /Users/sgotou/Documents/workspace/rb/samurai/app/assets/stylesheets/bootstrap_and_overrides.css.less)):
    12:       <script src="http://html5shim.googlecode.com/svn/trunk/html5.js" type="text/javascript"></script>
    13:     <![endif]-->
    14: 
    15:     <%= stylesheet_link_tag "application", :media => "all" %>
    16: 
    17:     <!-- For third-generation iPad with high-resolution Retina display: -->
    18:     <!-- Size should be 144 x 144 pixels -->
  app/views/layouts/application.html.erb:15:in `_app_views_layouts_application_html_erb___595869570594002372_70356715053280'
  app/controllers/articles_controller.rb:7:in `index'


  Rendered /Users/sgotou/.rvm/gems/ruby-1.9.3-p194/gems/actionpack-3.2.8/lib/action_dispatch/middleware/templates/rescues/_trace.erb (1.3ms)
  Rendered /Users/sgotou/.rvm/gems/ruby-1.9.3-p194/gems/actionpack-3.2.8/lib/action_dispatch/middleware/templates/rescues/_request_and_response.erb (0.9ms)
  Rendered /Users/sgotou/.rvm/gems/ruby-1.9.3-p194/gems/actionpack-3.2.8/lib/action_dispatch/middleware/templates/rescues/template_error.erb within rescues/layout (9.8ms)


Started GET "/" for 127.0.0.1 at 2012-08-21 15:14:32 +0900
Connecting to database specified by database.yml
Processing by ArticlesController#index as HTML
  [1m[36mArticle Load (0.1ms)[0m  [1mSELECT "articles".* FROM "articles" [0m
  Rendered articles/index.html.erb within layouts/application (2.4ms)
Compiled bootstrap_and_overrides.css  (626ms)  (pid 81188)
Compiled application.css  (660ms)  (pid 81188)
Compiled twitter/bootstrap/bootstrap-transition.js  (0ms)  (pid 81188)
Compiled twitter/bootstrap/bootstrap-alert.js  (0ms)  (pid 81188)
Compiled twitter/bootstrap/bootstrap-modal.js  (0ms)  (pid 81188)
Compiled twitter/bootstrap/bootstrap-dropdown.js  (0ms)  (pid 81188)
Compiled twitter/bootstrap/bootstrap-scrollspy.js  (0ms)  (pid 81188)
Compiled twitter/bootstrap/bootstrap-tab.js  (0ms)  (pid 81188)
Compiled twitter/bootstrap/bootstrap-tooltip.js  (0ms)  (pid 81188)
Compiled twitter/bootstrap/bootstrap-popover.js  (0ms)  (pid 81188)
Compiled twitter/bootstrap/bootstrap-button.js  (0ms)  (pid 81188)
Compiled twitter/bootstrap/bootstrap-collapse.js  (0ms)  (pid 81188)
Compiled twitter/bootstrap/bootstrap-carousel.js  (0ms)  (pid 81188)
Compiled twitter/bootstrap/bootstrap-typeahead.js  (0ms)  (pid 81188)
Compiled twitter/bootstrap.js  (220ms)  (pid 81188)
Compiled bootstrap.js  (58ms)  (pid 81188)
Compiled application.js  (304ms)  (pid 81188)
Completed 200 OK in 1088ms (Views: 1071.4ms | ActiveRecord: 1.8ms)


Started GET "/assets/application.css?body=1" for 127.0.0.1 at 2012-08-21 15:14:33 +0900
Served asset /application.css - 304 Not Modified (8ms)


Started GET "/assets/bootstrap_and_overrides.css?body=1" for 127.0.0.1 at 2012-08-21 15:14:33 +0900
Served asset /bootstrap_and_overrides.css - 200 OK (27ms)


Started GET "/assets/articles.css?body=1" for 127.0.0.1 at 2012-08-21 15:14:33 +0900
Served asset /articles.css - 304 Not Modified (1ms)


Started GET "/assets/scaffolds.css?body=1" for 127.0.0.1 at 2012-08-21 15:14:33 +0900
Served asset /scaffolds.css - 304 Not Modified (2ms)


Started GET "/assets/jquery.js?body=1" for 127.0.0.1 at 2012-08-21 15:14:33 +0900
Served asset /jquery.js - 304 Not Modified (6ms)


Started GET "/assets/jquery_ujs.js?body=1" for 127.0.0.1 at 2012-08-21 15:14:33 +0900
Served asset /jquery_ujs.js - 304 Not Modified (3ms)


Started GET "/assets/twitter/bootstrap/bootstrap-transition.js?body=1" for 127.0.0.1 at 2012-08-21 15:14:33 +0900
Served asset /twitter/bootstrap/bootstrap-transition.js - 200 OK (5ms)


Started GET "/assets/twitter/bootstrap/bootstrap-alert.js?body=1" for 127.0.0.1 at 2012-08-21 15:14:33 +0900
Served asset /twitter/bootstrap/bootstrap-alert.js - 200 OK (5ms)


Started GET "/assets/twitter/bootstrap/bootstrap-modal.js?body=1" for 127.0.0.1 at 2012-08-21 15:14:33 +0900
Served asset /twitter/bootstrap/bootstrap-modal.js - 200 OK (3ms)


Started GET "/assets/twitter/bootstrap/bootstrap-dropdown.js?body=1" for 127.0.0.1 at 2012-08-21 15:14:33 +0900
Served asset /twitter/bootstrap/bootstrap-dropdown.js - 200 OK (2ms)


Started GET "/assets/twitter/bootstrap/bootstrap-scrollspy.js?body=1" for 127.0.0.1 at 2012-08-21 15:14:33 +0900
Served asset /twitter/bootstrap/bootstrap-scrollspy.js - 200 OK (3ms)


Started GET "/assets/twitter/bootstrap/bootstrap-tab.js?body=1" for 127.0.0.1 at 2012-08-21 15:14:33 +0900
Served asset /twitter/bootstrap/bootstrap-tab.js - 200 OK (3ms)


Started GET "/assets/twitter/bootstrap/bootstrap-tooltip.js?body=1" for 127.0.0.1 at 2012-08-21 15:14:33 +0900
Served asset /twitter/bootstrap/bootstrap-tooltip.js - 200 OK (4ms)


Started GET "/assets/twitter/bootstrap/bootstrap-collapse.js?body=1" for 127.0.0.1 at 2012-08-21 15:14:33 +0900
Served asset /twitter/bootstrap/bootstrap-collapse.js - 200 OK (3ms)


Started GET "/assets/twitter/bootstrap/bootstrap-popover.js?body=1" for 127.0.0.1 at 2012-08-21 15:14:33 +0900
Served asset /twitter/bootstrap/bootstrap-popover.js - 200 OK (2ms)


Started GET "/assets/twitter/bootstrap/bootstrap-button.js?body=1" for 127.0.0.1 at 2012-08-21 15:14:33 +0900
Served asset /twitter/bootstrap/bootstrap-button.js - 200 OK (2ms)


Started GET "/assets/twitter/bootstrap/bootstrap-carousel.js?body=1" for 127.0.0.1 at 2012-08-21 15:14:33 +0900
Served asset /twitter/bootstrap/bootstrap-carousel.js - 200 OK (5ms)


Started GET "/assets/twitter/bootstrap/bootstrap-typeahead.js?body=1" for 127.0.0.1 at 2012-08-21 15:14:33 +0900
Served asset /twitter/bootstrap/bootstrap-typeahead.js - 200 OK (4ms)


Started GET "/assets/articles.js?body=1" for 127.0.0.1 at 2012-08-21 15:14:33 +0900
Served asset /articles.js - 304 Not Modified (1ms)


Started GET "/assets/twitter/bootstrap.js?body=1" for 127.0.0.1 at 2012-08-21 15:14:33 +0900
Served asset /twitter/bootstrap.js - 200 OK (11ms)


Started GET "/assets/bootstrap.js?body=1" for 127.0.0.1 at 2012-08-21 15:14:33 +0900
Served asset /bootstrap.js - 200 OK (1ms)


Started GET "/assets/application.js?body=1" for 127.0.0.1 at 2012-08-21 15:14:33 +0900
Served asset /application.js - 200 OK (18ms)


Started GET "/assets/images/favicon.ico" for 127.0.0.1 at 2012-08-21 15:14:33 +0900
Served asset /images/favicon.ico - 404 Not Found (38ms)

ActionController::RoutingError (No route matches [GET] "/assets/images/favicon.ico"):
  actionpack (3.2.8) lib/action_dispatch/middleware/debug_exceptions.rb:21:in `call'
  actionpack (3.2.8) lib/action_dispatch/middleware/show_exceptions.rb:56:in `call'
  railties (3.2.8) lib/rails/rack/logger.rb:26:in `call_app'
  railties (3.2.8) lib/rails/rack/logger.rb:16:in `call'
  actionpack (3.2.8) lib/action_dispatch/middleware/request_id.rb:22:in `call'
  rack (1.4.1) lib/rack/methodoverride.rb:21:in `call'
  rack (1.4.1) lib/rack/runtime.rb:17:in `call'
  activesupport (3.2.8) lib/active_support/cache/strategy/local_cache.rb:72:in `call'
  rack (1.4.1) lib/rack/lock.rb:15:in `call'
  actionpack (3.2.8) lib/action_dispatch/middleware/static.rb:62:in `call'
  railties (3.2.8) lib/rails/engine.rb:479:in `call'
  railties (3.2.8) lib/rails/application.rb:223:in `call'
  rack (1.4.1) lib/rack/content_length.rb:14:in `call'
  railties (3.2.8) lib/rails/rack/log_tailer.rb:17:in `call'
  rack (1.4.1) lib/rack/handler/webrick.rb:59:in `service'
  /opt/local/lib/ruby1.9/1.9.1/webrick/httpserver.rb:138:in `service'
  /opt/local/lib/ruby1.9/1.9.1/webrick/httpserver.rb:94:in `run'
  /opt/local/lib/ruby1.9/1.9.1/webrick/server.rb:191:in `block in start_thread'


  Rendered /Users/sgotou/.rvm/gems/ruby-1.9.3-p194/gems/actionpack-3.2.8/lib/action_dispatch/middleware/templates/rescues/routing_error.erb within rescues/layout (0.6ms)


Started GET "/articles/new" for 127.0.0.1 at 2012-08-21 15:14:40 +0900
Processing by ArticlesController#new as HTML
  Rendered articles/_form.html.erb (12.4ms)
  Rendered articles/new.html.erb within layouts/application (18.4ms)
Completed 200 OK in 43ms (Views: 36.4ms | ActiveRecord: 0.0ms)


Started GET "/assets/application.css?body=1" for 127.0.0.1 at 2012-08-21 15:14:40 +0900
Served asset /application.css - 304 Not Modified (0ms)


Started GET "/assets/jquery_ujs.js?body=1" for 127.0.0.1 at 2012-08-21 15:14:40 +0900
Served asset /jquery_ujs.js - 304 Not Modified (0ms)


Started GET "/assets/articles.css?body=1" for 127.0.0.1 at 2012-08-21 15:14:40 +0900
Served asset /articles.css - 304 Not Modified (0ms)


Started GET "/assets/scaffolds.css?body=1" for 127.0.0.1 at 2012-08-21 15:14:40 +0900
Served asset /scaffolds.css - 304 Not Modified (0ms)


Started GET "/assets/jquery.js?body=1" for 127.0.0.1 at 2012-08-21 15:14:40 +0900
Served asset /jquery.js - 304 Not Modified (0ms)


Started GET "/assets/articles.js?body=1" for 127.0.0.1 at 2012-08-21 15:14:40 +0900
Served asset /articles.js - 304 Not Modified (0ms)


Started POST "/articles" for 127.0.0.1 at 2012-08-21 15:14:53 +0900
Processing by ArticlesController#create as HTML
  Parameters: {"utf8"=>"âœ“", "authenticity_token"=>"ApPiUxZ1iBAC7fiBtKOuJBzWDWckD/W10/N4nv3KYN0=", "article"=>{"title"=>"ttestpost1", "body"=>"ãƒ†ã‚¹ãƒˆ1ã§ã™"}, "commit"=>"Create Article"}
  [1m[35m (0.1ms)[0m  begin transaction
  [1m[36mSQL (10.5ms)[0m  [1mINSERT INTO "articles" ("body", "created_at", "title", "updated_at") VALUES (?, ?, ?, ?)[0m  [["body", "ãƒ†ã‚¹ãƒˆ1ã§ã™"], ["created_at", Tue, 21 Aug 2012 06:14:53 UTC +00:00], ["title", "ttestpost1"], ["updated_at", Tue, 21 Aug 2012 06:14:53 UTC +00:00]]
  [1m[35m (1.0ms)[0m  commit transaction
Redirected to http://localhost:3000/articles/1
Completed 302 Found in 17ms (ActiveRecord: 11.6ms)


Started GET "/articles/1" for 127.0.0.1 at 2012-08-21 15:14:53 +0900
Processing by ArticlesController#show as HTML
  Parameters: {"id"=>"1"}
  [1m[36mArticle Load (0.4ms)[0m  [1mSELECT "articles".* FROM "articles" WHERE "articles"."id" = ? LIMIT 1[0m  [["id", "1"]]
  Rendered articles/show.html.erb within layouts/application (1.1ms)
Completed 200 OK in 22ms (Views: 18.5ms | ActiveRecord: 0.4ms)


Started GET "/assets/application.css?body=1" for 127.0.0.1 at 2012-08-21 15:14:54 +0900
Served asset /application.css - 304 Not Modified (0ms)


Started GET "/assets/articles.css?body=1" for 127.0.0.1 at 2012-08-21 15:14:54 +0900
Served asset /articles.css - 304 Not Modified (0ms)


Started GET "/assets/scaffolds.css?body=1" for 127.0.0.1 at 2012-08-21 15:14:54 +0900
Served asset /scaffolds.css - 304 Not Modified (0ms)


Started GET "/assets/bootstrap_and_overrides.css?body=1" for 127.0.0.1 at 2012-08-21 15:14:54 +0900
Served asset /bootstrap_and_overrides.css - 304 Not Modified (0ms)


Started GET "/assets/jquery_ujs.js?body=1" for 127.0.0.1 at 2012-08-21 15:14:54 +0900
Served asset /jquery_ujs.js - 304 Not Modified (0ms)


Started GET "/assets/jquery.js?body=1" for 127.0.0.1 at 2012-08-21 15:14:54 +0900
Served asset /jquery.js - 304 Not Modified (0ms)


Started GET "/assets/articles.js?body=1" for 127.0.0.1 at 2012-08-21 15:14:54 +0900
Served asset /articles.js - 304 Not Modified (0ms)


Started GET "/assets/bootstrap.js?body=1" for 127.0.0.1 at 2012-08-21 15:14:54 +0900
Served asset /bootstrap.js - 304 Not Modified (0ms)


Started GET "/assets/application.js?body=1" for 127.0.0.1 at 2012-08-21 15:14:54 +0900
Served asset /application.js - 304 Not Modified (0ms)


Started GET "/" for 127.0.0.1 at 2012-08-21 15:15:11 +0900
Processing by ArticlesController#index as HTML
  [1m[36mArticle Load (0.3ms)[0m  [1mSELECT "articles".* FROM "articles" [0m
  Rendered articles/index.html.erb within layouts/application (3.0ms)
Completed 500 Internal Server Error in 61ms

ActionView::Template::Error (couldn't find file 'twitter/bootstrap'
  (in /Users/sgotou/Documents/workspace/rb/samurai/app/assets/javascripts/application.js:15)):
    85:     <!-- Javascripts
    86:     ================================================== -->
    87:     <!-- Placed at the end of the document so the pages load faster -->
    88:     <%= javascript_include_tag "application" %>
    89: 
    90:   </body>
    91: </html>
  app/views/layouts/application.html.erb:88:in `_app_views_layouts_application_html_erb___595869570594002372_70356715053280'
  app/controllers/articles_controller.rb:7:in `index'


  Rendered /Users/sgotou/.rvm/gems/ruby-1.9.3-p194/gems/actionpack-3.2.8/lib/action_dispatch/middleware/templates/rescues/_trace.erb (1.2ms)
  Rendered /Users/sgotou/.rvm/gems/ruby-1.9.3-p194/gems/actionpack-3.2.8/lib/action_dispatch/middleware/templates/rescues/_request_and_response.erb (0.8ms)
  Rendered /Users/sgotou/.rvm/gems/ruby-1.9.3-p194/gems/actionpack-3.2.8/lib/action_dispatch/middleware/templates/rescues/template_error.erb within rescues/layout (7.5ms)


Started GET "/" for 127.0.0.1 at 2012-08-21 15:15:33 +0900
Processing by ArticlesController#index as HTML
  [1m[35mArticle Load (0.2ms)[0m  SELECT "articles".* FROM "articles" 
  Rendered articles/index.html.erb within layouts/application (1.2ms)
Completed 500 Internal Server Error in 19ms

ActionView::Template::Error (couldn't find file 'twitter/bootstrap'
  (in /Users/sgotou/Documents/workspace/rb/samurai/app/assets/javascripts/application.js:15)):
    85:     <!-- Javascripts
    86:     ================================================== -->
    87:     <!-- Placed at the end of the document so the pages load faster -->
    88:     <%= javascript_include_tag "application" %>
    89: 
    90:   </body>
    91: </html>
  app/views/layouts/application.html.erb:88:in `_app_views_layouts_application_html_erb___595869570594002372_70356715053280'
  app/controllers/articles_controller.rb:7:in `index'


  Rendered /Users/sgotou/.rvm/gems/ruby-1.9.3-p194/gems/actionpack-3.2.8/lib/action_dispatch/middleware/templates/rescues/_trace.erb (1.4ms)
  Rendered /Users/sgotou/.rvm/gems/ruby-1.9.3-p194/gems/actionpack-3.2.8/lib/action_dispatch/middleware/templates/rescues/_request_and_response.erb (1.3ms)
  Rendered /Users/sgotou/.rvm/gems/ruby-1.9.3-p194/gems/actionpack-3.2.8/lib/action_dispatch/middleware/templates/rescues/template_error.erb within rescues/layout (11.2ms)
